<?xml version="1.0" encoding="UTF-8"?>
<coverage generated="1697440833341" clover="3.2.0">
  <project timestamp="1697440833341" name="All files">
    <metrics statements="26" coveredstatements="23" conditionals="10" coveredconditionals="8" methods="12" coveredmethods="11" elements="48" coveredelements="42" complexity="0" loc="26" ncloc="26" packages="1" files="2" classes="2"/>
    <file name="module.js" path="C:\Users\ktasc\OneDrive\Desktop\CSC307\Easy\packages\jest-unit-testing\module.js">
      <metrics statements="6" coveredstatements="6" conditionals="2" coveredconditionals="2" methods="3" coveredmethods="3"/>
      <line num="2" count="6" type="stmt"/>
      <line num="6" count="6" type="stmt"/>
      <line num="10" count="6" type="stmt"/>
      <line num="11" count="112" type="cond" truecount="2" falsecount="0"/>
      <line num="12" count="3" type="stmt"/>
      <line num="14" count="3" type="stmt"/>
    </file>
    <file name="sample_testing.js" path="C:\Users\ktasc\OneDrive\Desktop\CSC307\Easy\packages\jest-unit-testing\sample_testing.js">
      <metrics statements="20" coveredstatements="17" conditionals="8" coveredconditionals="6" methods="9" coveredmethods="8"/>
      <line num="4" count="7" type="stmt"/>
      <line num="5" count="7" type="stmt"/>
      <line num="9" count="2" type="stmt"/>
      <line num="13" count="4" type="cond" truecount="2" falsecount="0"/>
      <line num="17" count="1" type="stmt"/>
      <line num="21" count="1" type="stmt"/>
      <line num="25" count="4" type="stmt"/>
      <line num="26" count="4" type="stmt"/>
      <line num="30" count="3" type="cond" truecount="1" falsecount="1"/>
      <line num="31" count="3" type="stmt"/>
      <line num="32" count="3" type="cond" truecount="2" falsecount="0"/>
      <line num="33" count="2" type="stmt"/>
      <line num="34" count="2" type="cond" truecount="1" falsecount="1"/>
      <line num="35" count="2" type="stmt"/>
      <line num="37" count="2" type="stmt"/>
      <line num="42" count="0" type="stmt"/>
      <line num="43" count="0" type="stmt"/>
      <line num="46" count="0" type="stmt"/>
      <line num="50" count="7" type="stmt"/>
      <line num="51" count="7" type="stmt"/>
    </file>
  </project>
</coverage>
