{"C:\\Users\\ktasc\\OneDrive\\Desktop\\CSC307\\Easy\\packages\\jest-unit-testing\\module.js": {"path":"C:\\Users\\ktasc\\OneDrive\\Desktop\\CSC307\\Easy\\packages\\jest-unit-testing\\module.js","statementMap":{"0":{"start":{"line":2,"column":4},"end":{"line":2,"column":17}},"1":{"start":{"line":6,"column":4},"end":{"line":6,"column":17}},"2":{"start":{"line":10,"column":4},"end":{"line":13,"column":5}},"3":{"start":{"line":10,"column":17},"end":{"line":10,"column":18}},"4":{"start":{"line":11,"column":5},"end":{"line":12,"column":18}},"5":{"start":{"line":12,"column":6},"end":{"line":12,"column":18}},"6":{"start":{"line":14,"column":4},"end":{"line":14,"column":17}}},"fnMap":{"0":{"name":"sum","decl":{"start":{"line":1,"column":9},"end":{"line":1,"column":12}},"loc":{"start":{"line":1,"column":19},"end":{"line":3,"column":3}},"line":1},"1":{"name":"div","decl":{"start":{"line":5,"column":11},"end":{"line":5,"column":14}},"loc":{"start":{"line":5,"column":21},"end":{"line":7,"column":3}},"line":5},"2":{"name":"containsNumbers","decl":{"start":{"line":9,"column":11},"end":{"line":9,"column":26}},"loc":{"start":{"line":9,"column":32},"end":{"line":15,"column":3}},"line":9}},"branchMap":{"0":{"loc":{"start":{"line":11,"column":5},"end":{"line":12,"column":18}},"type":"if","locations":[{"start":{"line":11,"column":5},"end":{"line":12,"column":18}},{"start":{},"end":{}}],"line":11}},"s":{"0":6,"1":6,"2":6,"3":6,"4":112,"5":3,"6":3},"f":{"0":6,"1":6,"2":6},"b":{"0":[3,109]},"inputSourceMap":null,"_coverageSchema":"1a1c01bbd47fc00a2c39e90264f33305004495a9","hash":"359f5ba619abc53c8f617c9057c405bef176f50d"}
,"C:\\Users\\ktasc\\OneDrive\\Desktop\\CSC307\\Easy\\packages\\jest-unit-testing\\sample_testing.js": {"path":"C:\\Users\\ktasc\\OneDrive\\Desktop\\CSC307\\Easy\\packages\\jest-unit-testing\\sample_testing.js","statementMap":{"0":{"start":{"line":4,"column":12},"end":{"line":4,"column":29}},"1":{"start":{"line":5,"column":12},"end":{"line":5,"column":36}},"2":{"start":{"line":9,"column":12},"end":{"line":9,"column":38}},"3":{"start":{"line":13,"column":12},"end":{"line":13,"column":44}},"4":{"start":{"line":17,"column":12},"end":{"line":17,"column":57}},"5":{"start":{"line":21,"column":12},"end":{"line":21,"column":45}},"6":{"start":{"line":25,"column":12},"end":{"line":25,"column":44}},"7":{"start":{"line":26,"column":12},"end":{"line":26,"column":44}},"8":{"start":{"line":30,"column":12},"end":{"line":47,"column":13}},"9":{"start":{"line":31,"column":16},"end":{"line":31,"column":49}},"10":{"start":{"line":32,"column":16},"end":{"line":38,"column":17}},"11":{"start":{"line":33,"column":32},"end":{"line":33,"column":66}},"12":{"start":{"line":34,"column":20},"end":{"line":36,"column":21}},"13":{"start":{"line":35,"column":24},"end":{"line":35,"column":58}},"14":{"start":{"line":37,"column":20},"end":{"line":37,"column":47}},"15":{"start":{"line":42,"column":24},"end":{"line":42,"column":39}},"16":{"start":{"line":43,"column":24},"end":{"line":43,"column":57}},"17":{"start":{"line":46,"column":16},"end":{"line":46,"column":86}},"18":{"start":{"line":50,"column":12},"end":{"line":50,"column":27}},"19":{"start":{"line":51,"column":4},"end":{"line":51,"column":13}}},"fnMap":{"0":{"name":"createPortfolio","decl":{"start":{"line":1,"column":9},"end":{"line":1,"column":24}},"loc":{"start":{"line":1,"column":26},"end":{"line":52,"column":1}},"line":1},"1":{"name":"(anonymous_1)","decl":{"start":{"line":3,"column":8},"end":{"line":3,"column":9}},"loc":{"start":{"line":3,"column":21},"end":{"line":6,"column":9}},"line":3},"2":{"name":"(anonymous_2)","decl":{"start":{"line":8,"column":8},"end":{"line":8,"column":9}},"loc":{"start":{"line":8,"column":26},"end":{"line":10,"column":9}},"line":8},"3":{"name":"(anonymous_3)","decl":{"start":{"line":12,"column":8},"end":{"line":12,"column":9}},"loc":{"start":{"line":12,"column":25},"end":{"line":14,"column":9}},"line":12},"4":{"name":"(anonymous_4)","decl":{"start":{"line":16,"column":8},"end":{"line":16,"column":9}},"loc":{"start":{"line":16,"column":17},"end":{"line":18,"column":9}},"line":16},"5":{"name":"(anonymous_5)","decl":{"start":{"line":20,"column":8},"end":{"line":20,"column":9}},"loc":{"start":{"line":20,"column":24},"end":{"line":22,"column":9}},"line":20},"6":{"name":"(anonymous_6)","decl":{"start":{"line":24,"column":8},"end":{"line":24,"column":9}},"loc":{"start":{"line":24,"column":37},"end":{"line":27,"column":9}},"line":24},"7":{"name":"(anonymous_7)","decl":{"start":{"line":29,"column":8},"end":{"line":29,"column":9}},"loc":{"start":{"line":29,"column":37},"end":{"line":48,"column":9}},"line":29},"8":{"name":"(anonymous_8)","decl":{"start":{"line":41,"column":20},"end":{"line":41,"column":21}},"loc":{"start":{"line":41,"column":40},"end":{"line":44,"column":21}},"line":41}},"branchMap":{"0":{"loc":{"start":{"line":13,"column":19},"end":{"line":13,"column":43}},"type":"binary-expr","locations":[{"start":{"line":13,"column":19},"end":{"line":13,"column":38}},{"start":{"line":13,"column":42},"end":{"line":13,"column":43}}],"line":13},"1":{"loc":{"start":{"line":30,"column":12},"end":{"line":47,"column":13}},"type":"if","locations":[{"start":{"line":30,"column":12},"end":{"line":47,"column":13}},{"start":{"line":39,"column":17},"end":{"line":47,"column":13}}],"line":30},"2":{"loc":{"start":{"line":32,"column":16},"end":{"line":38,"column":17}},"type":"if","locations":[{"start":{"line":32,"column":16},"end":{"line":38,"column":17}},{"start":{},"end":{}}],"line":32},"3":{"loc":{"start":{"line":34,"column":20},"end":{"line":36,"column":21}},"type":"if","locations":[{"start":{"line":34,"column":20},"end":{"line":36,"column":21}},{"start":{},"end":{}}],"line":34}},"s":{"0":7,"1":7,"2":2,"3":4,"4":1,"5":1,"6":4,"7":4,"8":3,"9":3,"10":3,"11":2,"12":2,"13":2,"14":2,"15":0,"16":0,"17":0,"18":7,"19":7},"f":{"0":7,"1":7,"2":2,"3":4,"4":1,"5":1,"6":4,"7":3,"8":0},"b":{"0":[4,2],"1":[3,0],"2":[2,1],"3":[2,0]},"inputSourceMap":null,"_coverageSchema":"1a1c01bbd47fc00a2c39e90264f33305004495a9","hash":"4e6d1d02e883e9be76b4d6bd96c06e4907005097"}
}
