{"C:\\Users\\ktasc\\OneDrive\\Desktop\\CSC307\\Easy\\packages\\jest-unit-testing\\module.js": {"path":"C:\\Users\\ktasc\\OneDrive\\Desktop\\CSC307\\Easy\\packages\\jest-unit-testing\\module.js","statementMap":{"0":{"start":{"line":2,"column":4},"end":{"line":2,"column":17}},"1":{"start":{"line":6,"column":4},"end":{"line":6,"column":17}},"2":{"start":{"line":10,"column":4},"end":{"line":13,"column":5}},"3":{"start":{"line":10,"column":17},"end":{"line":10,"column":18}},"4":{"start":{"line":11,"column":5},"end":{"line":12,"column":18}},"5":{"start":{"line":12,"column":6},"end":{"line":12,"column":18}},"6":{"start":{"line":14,"column":4},"end":{"line":14,"column":17}}},"fnMap":{"0":{"name":"sum","decl":{"start":{"line":1,"column":9},"end":{"line":1,"column":12}},"loc":{"start":{"line":1,"column":19},"end":{"line":3,"column":3}},"line":1},"1":{"name":"div","decl":{"start":{"line":5,"column":11},"end":{"line":5,"column":14}},"loc":{"start":{"line":5,"column":21},"end":{"line":7,"column":3}},"line":5},"2":{"name":"containsNumbers","decl":{"start":{"line":9,"column":11},"end":{"line":9,"column":26}},"loc":{"start":{"line":9,"column":32},"end":{"line":15,"column":3}},"line":9}},"branchMap":{"0":{"loc":{"start":{"line":11,"column":5},"end":{"line":12,"column":18}},"type":"if","locations":[{"start":{"line":11,"column":5},"end":{"line":12,"column":18}},{"start":{},"end":{}}],"line":11}},"s":{"0":6,"1":6,"2":6,"3":6,"4":112,"5":3,"6":3},"f":{"0":6,"1":6,"2":6},"b":{"0":[3,109]},"inputSourceMap":null,"_coverageSchema":"1a1c01bbd47fc00a2c39e90264f33305004495a9","hash":"359f5ba619abc53c8f617c9057c405bef176f50d"}
}
