TN:
SF:module.js
FN:1,sum
FN:5,div
FN:9,containsNumbers
FNF:3
FNH:3
FNDA:6,sum
FNDA:6,div
FNDA:6,containsNumbers
DA:2,6
DA:6,6
DA:10,6
DA:11,112
DA:12,3
DA:14,3
LF:6
LH:6
BRDA:11,0,0,3
BRDA:11,0,1,109
BRF:2
BRH:2
end_of_record
TN:
SF:sample_testing.js
FN:1,createPortfolio
FN:3,(anonymous_1)
FN:8,(anonymous_2)
FN:12,(anonymous_3)
FN:16,(anonymous_4)
FN:20,(anonymous_5)
FN:24,(anonymous_6)
FN:29,(anonymous_7)
FN:41,(anonymous_8)
FNF:9
FNH:8
FNDA:7,createPortfolio
FNDA:7,(anonymous_1)
FNDA:2,(anonymous_2)
FNDA:4,(anonymous_3)
FNDA:1,(anonymous_4)
FNDA:1,(anonymous_5)
FNDA:4,(anonymous_6)
FNDA:3,(anonymous_7)
FNDA:0,(anonymous_8)
DA:4,7
DA:5,7
DA:9,2
DA:13,4
DA:17,1
DA:21,1
DA:25,4
DA:26,4
DA:30,3
DA:31,3
DA:32,3
DA:33,2
DA:34,2
DA:35,2
DA:37,2
DA:42,0
DA:43,0
DA:46,0
DA:50,7
DA:51,7
LF:20
LH:17
BRDA:13,0,0,4
BRDA:13,0,1,2
BRDA:30,1,0,3
BRDA:30,1,1,0
BRDA:32,2,0,2
BRDA:32,2,1,1
BRDA:34,3,0,2
BRDA:34,3,1,0
BRF:8
BRH:6
end_of_record
